# JRE version: OpenJDK Runtime Environment (8.0_252-b09) (build 1.8.0_252-8u252-b09-1~18.04-b09)
# Java VM: OpenJDK 64-Bit Server VM (25.252-b09 mixed mode linux-amd64 compressed oops)
Heap:
 PSYoungGen      total 132096K, used 7962K [0x00000000d7000000, 0x00000000e7f00000, 0x0000000100000000)
  eden space 126976K, 6% used [0x00000000d7000000,0x00000000d77c68f0,0x00000000dec00000)
  from space 5120K, 0% used [0x00000000dec00000,0x00000000dec00000,0x00000000df100000)
  to   space 11776K, 0% used [0x00000000e7380000,0x00000000e7380000,0x00000000e7f00000)
 ParOldGen       total 67584K, used 12327K [0x0000000085000000, 0x0000000089200000, 0x00000000d7000000)
  object space 67584K, 18% used [0x0000000085000000,0x0000000085c09c18,0x0000000089200000)
 Metaspace       used 21388K, capacity 22082K, committed 22320K, reserved 1069056K
  class space    used 2408K, capacity 2573K, committed 2688K, reserved 1048576K
GC Heap History (10 events):
Event: 0.792 GC heap before
{Heap before GC invocations=2 (full 0):
 PSYoungGen      total 36864K, used 36528K [0x00000000d7000000, 0x00000000db800000, 0x0000000100000000)
  eden space 31744K, 100% used [0x00000000d7000000,0x00000000d8f00000,0x00000000d8f00000)
  from space 5120K, 93% used [0x00000000d8f00000,0x00000000d93ac1c0,0x00000000d9400000)
  to   space 5120K, 0% used [0x00000000db300000,0x00000000db300000,0x00000000db800000)
 ParOldGen       total 84992K, used 8K [0x0000000085000000, 0x000000008a300000, 0x00000000d7000000)
  object space 84992K, 0% used [0x0000000085000000,0x0000000085002000,0x000000008a300000)
 Metaspace       used 11164K, capacity 11358K, committed 11520K, reserved 1058816K
  class space    used 1368K, capacity 1443K, committed 1536K, reserved 1048576K
Event: 0.796 GC heap after
Heap after GC invocations=2 (full 0):
 PSYoungGen      total 68608K, used 5101K [0x00000000d7000000, 0x00000000db800000, 0x0000000100000000)
  eden space 63488K, 0% used [0x00000000d7000000,0x00000000d7000000,0x00000000dae00000)
  from space 5120K, 99% used [0x00000000db300000,0x00000000db7fb438,0x00000000db800000)
  to   space 5120K, 0% used [0x00000000dae00000,0x00000000dae00000,0x00000000db300000)
 ParOldGen       total 84992K, used 1127K [0x0000000085000000, 0x000000008a300000, 0x00000000d7000000)
  object space 84992K, 1% used [0x0000000085000000,0x0000000085119d88,0x000000008a300000)
 Metaspace       used 11164K, capacity 11358K, committed 11520K, reserved 1058816K
  class space    used 1368K, capacity 1443K, committed 1536K, reserved 1048576K
}
Event: 1.903 GC heap before
{Heap before GC invocations=3 (full 0):
 PSYoungGen      total 68608K, used 68589K [0x00000000d7000000, 0x00000000db800000, 0x0000000100000000)
  eden space 63488K, 100% used [0x00000000d7000000,0x00000000dae00000,0x00000000dae00000)
  from space 5120K, 99% used [0x00000000db300000,0x00000000db7fb438,0x00000000db800000)
  to   space 5120K, 0% used [0x00000000dae00000,0x00000000dae00000,0x00000000db300000)
 ParOldGen       total 84992K, used 1127K [0x0000000085000000, 0x000000008a300000, 0x00000000d7000000)
  object space 84992K, 1% used [0x0000000085000000,0x0000000085119d88,0x000000008a300000)
 Metaspace       used 16572K, capacity 16798K, committed 17280K, reserved 1064960K
  class space    used 1972K, capacity 2067K, committed 2176K, reserved 1048576K
Event: 1.933 GC heap after
Heap after GC invocations=3 (full 0):
 PSYoungGen      total 68608K, used 5088K [0x00000000d7000000, 0x00000000df600000, 0x0000000100000000)
  eden space 63488K, 0% used [0x00000000d7000000,0x00000000d7000000,0x00000000dae00000)
  from space 5120K, 99% used [0x00000000dae00000,0x00000000db2f8040,0x00000000db300000)
  to   space 5120K, 0% used [0x00000000df100000,0x00000000df100000,0x00000000df600000)
 ParOldGen       total 84992K, used 4724K [0x0000000085000000, 0x000000008a300000, 0x00000000d7000000)
  object space 84992K, 5% used [0x0000000085000000,0x000000008549d080,0x000000008a300000)
 Metaspace       used 16572K, capacity 16798K, committed 17280K, reserved 1064960K
  class space    used 1972K, capacity 2067K, committed 2176K, reserved 1048576K
}
Event: 2.715 GC heap before
{Heap before GC invocations=4 (full 0):
 PSYoungGen      total 68608K, used 68576K [0x00000000d7000000, 0x00000000df600000, 0x0000000100000000)
  eden space 63488K, 100% used [0x00000000d7000000,0x00000000dae00000,0x00000000dae00000)
  from space 5120K, 99% used [0x00000000dae00000,0x00000000db2f8040,0x00000000db300000)
  to   space 5120K, 0% used [0x00000000df100000,0x00000000df100000,0x00000000df600000)
 ParOldGen       total 84992K, used 4724K [0x0000000085000000, 0x000000008a300000, 0x00000000d7000000)
  object space 84992K, 5% used [0x0000000085000000,0x000000008549d080,0x000000008a300000)
 Metaspace       used 17546K, capacity 17896K, committed 18048K, reserved 1064960K
  class space    used 2054K, capacity 2148K, committed 2176K, reserved 1048576K
Event: 2.725 GC heap after
Heap after GC invocations=4 (full 0):
 PSYoungGen      total 132096K, used 5104K [0x00000000d7000000, 0x00000000df600000, 0x0000000100000000)
  eden space 126976K, 0% used [0x00000000d7000000,0x00000000d7000000,0x00000000dec00000)
  from space 5120K, 99% used [0x00000000df100000,0x00000000df5fc010,0x00000000df600000)
  to   space 5120K, 0% used [0x00000000dec00000,0x00000000dec00000,0x00000000df100000)
 ParOldGen       total 84992K, used 8075K [0x0000000085000000, 0x000000008a300000, 0x00000000d7000000)
  object space 84992K, 9% used [0x0000000085000000,0x00000000857e2e18,0x000000008a300000)
 Metaspace       used 17546K, capacity 17896K, committed 18048K, reserved 1064960K
  class space    used 2054K, capacity 2148K, committed 2176K, reserved 1048576K
}
Event: 3.599 GC heap before
{Heap before GC invocations=5 (full 0):
 PSYoungGen      total 132096K, used 103488K [0x00000000d7000000, 0x00000000df600000, 0x0000000100000000)
  eden space 126976K, 77% used [0x00000000d7000000,0x00000000dd014228,0x00000000dec00000)
  from space 5120K, 99% used [0x00000000df100000,0x00000000df5fc010,0x00000000df600000)
  to   space 5120K, 0% used [0x00000000dec00000,0x00000000dec00000,0x00000000df100000)
 ParOldGen       total 84992K, used 8075K [0x0000000085000000, 0x000000008a300000, 0x00000000d7000000)
  object space 84992K, 9% used [0x0000000085000000,0x00000000857e2e18,0x000000008a300000)
 Metaspace       used 20647K, capacity 21192K, committed 21296K, reserved 1069056K
  class space    used 2298K, capacity 2426K, committed 2432K, reserved 1048576K
Event: 3.617 GC heap after
Heap after GC invocations=5 (full 0):
 PSYoungGen      total 132096K, used 5095K [0x00000000d7000000, 0x00000000e7f00000, 0x0000000100000000)
  eden space 126976K, 0% used [0x00000000d7000000,0x00000000d7000000,0x00000000dec00000)
  from space 5120K, 99% used [0x00000000dec00000,0x00000000df0f9c70,0x00000000df100000)
  to   space 11776K, 0% used [0x00000000e7380000,0x00000000e7380000,0x00000000e7f00000)
 ParOldGen       total 84992K, used 12494K [0x0000000085000000, 0x000000008a300000, 0x00000000d7000000)
  object space 84992K, 14% used [0x0000000085000000,0x0000000085c33818,0x000000008a300000)
 Metaspace       used 20647K, capacity 21192K, committed 21296K, reserved 1069056K
  class space    used 2298K, capacity 2426K, committed 2432K, reserved 1048576K
}
Event: 3.617 GC heap before
{Heap before GC invocations=6 (full 1):
 PSYoungGen      total 132096K, used 5095K [0x00000000d7000000, 0x00000000e7f00000, 0x0000000100000000)
  eden space 126976K, 0% used [0x00000000d7000000,0x00000000d7000000,0x00000000dec00000)
  from space 5120K, 99% used [0x00000000dec00000,0x00000000df0f9c70,0x00000000df100000)
  to   space 11776K, 0% used [0x00000000e7380000,0x00000000e7380000,0x00000000e7f00000)
 ParOldGen       total 84992K, used 12494K [0x0000000085000000, 0x000000008a300000, 0x00000000d7000000)
  object space 84992K, 14% used [0x0000000085000000,0x0000000085c33818,0x000000008a300000)
 Metaspace       used 20647K, capacity 21192K, committed 21296K, reserved 1069056K
  class space    used 2298K, capacity 2426K, committed 2432K, reserved 1048576K
Event: 3.695 GC heap after
Heap after GC invocations=6 (full 1):
 PSYoungGen      total 132096K, used 0K [0x00000000d7000000, 0x00000000e7f00000, 0x0000000100000000)
  eden space 126976K, 0% used [0x00000000d7000000,0x00000000d7000000,0x00000000dec00000)
  from space 5120K, 0% used [0x00000000dec00000,0x00000000dec00000,0x00000000df100000)
  to   space 11776K, 0% used [0x00000000e7380000,0x00000000e7380000,0x00000000e7f00000)
 ParOldGen       total 67584K, used 12327K [0x0000000085000000, 0x0000000089200000, 0x00000000d7000000)
  object space 67584K, 18% used [0x0000000085000000,0x0000000085c09c18,0x0000000089200000)
 Metaspace       used 20647K, capacity 21192K, committed 21296K, reserved 1069056K
  class space    used 2298K, capacity 2426K, committed 2432K, reserved 1048576K
}

